2025-03-15 18:10:18,426:WARNING:
'cuml' is a soft dependency and not included in the pycaret installation. Please run: `pip install cuml` to install.
2025-03-15 18:10:18,426:WARNING:
'cuml' is a soft dependency and not included in the pycaret installation. Please run: `pip install cuml` to install.
2025-03-15 18:10:18,426:WARNING:
'cuml' is a soft dependency and not included in the pycaret installation. Please run: `pip install cuml` to install.
2025-03-15 18:10:18,426:WARNING:
'cuml' is a soft dependency and not included in the pycaret installation. Please run: `pip install cuml` to install.
2025-03-15 18:11:03,909:WARNING:
'cuml' is a soft dependency and not included in the pycaret installation. Please run: `pip install cuml` to install.
2025-03-15 18:11:03,915:WARNING:
'cuml' is a soft dependency and not included in the pycaret installation. Please run: `pip install cuml` to install.
2025-03-15 18:11:03,915:WARNING:
'cuml' is a soft dependency and not included in the pycaret installation. Please run: `pip install cuml` to install.
2025-03-15 18:11:03,915:WARNING:
'cuml' is a soft dependency and not included in the pycaret installation. Please run: `pip install cuml` to install.
2025-03-15 18:11:48,621:WARNING:
'cuml' is a soft dependency and not included in the pycaret installation. Please run: `pip install cuml` to install.
2025-03-15 18:11:48,621:WARNING:
'cuml' is a soft dependency and not included in the pycaret installation. Please run: `pip install cuml` to install.
2025-03-15 18:11:48,621:WARNING:
'cuml' is a soft dependency and not included in the pycaret installation. Please run: `pip install cuml` to install.
2025-03-15 18:11:48,621:WARNING:
'cuml' is a soft dependency and not included in the pycaret installation. Please run: `pip install cuml` to install.
2025-03-15 18:12:21,754:WARNING:
'cuml' is a soft dependency and not included in the pycaret installation. Please run: `pip install cuml` to install.
2025-03-15 18:12:21,754:WARNING:
'cuml' is a soft dependency and not included in the pycaret installation. Please run: `pip install cuml` to install.
2025-03-15 18:12:21,754:WARNING:
'cuml' is a soft dependency and not included in the pycaret installation. Please run: `pip install cuml` to install.
2025-03-15 18:12:21,754:WARNING:
'cuml' is a soft dependency and not included in the pycaret installation. Please run: `pip install cuml` to install.
2025-03-15 18:12:21,840:INFO:PyCaret RegressionExperiment
2025-03-15 18:12:21,840:INFO:Logging name: reg-default-name
2025-03-15 18:12:21,840:INFO:ML Usecase: MLUsecase.REGRESSION
2025-03-15 18:12:21,840:INFO:version 3.3.2
2025-03-15 18:12:21,840:INFO:Initializing setup()
2025-03-15 18:12:21,840:INFO:self.USI: d817
2025-03-15 18:12:21,840:INFO:self._variable_keys: {'pipeline', '_ml_usecase', 'logging_param', 'y_test', 'log_plots_param', 'fold_shuffle_param', 'y', 'n_jobs_param', 'fold_generator', 'X', 'fold_groups_param', 'gpu_n_jobs_param', 'USI', 'gpu_param', 'idx', '_available_plots', 'exp_name_log', 'target_param', 'y_train', 'html_param', 'transform_target_param', 'memory', 'data', 'seed', 'X_test', 'exp_id', 'X_train'}
2025-03-15 18:12:21,841:INFO:Checking environment
2025-03-15 18:12:21,841:INFO:python_version: 3.11.7
2025-03-15 18:12:21,841:INFO:python_build: ('tags/v3.11.7:fa7a6f2', 'Dec  4 2023 19:24:49')
2025-03-15 18:12:21,841:INFO:machine: AMD64
2025-03-15 18:12:21,849:INFO:platform: Windows-10-10.0.26100-SP0
2025-03-15 18:12:21,858:INFO:Memory: svmem(total=33620348928, available=20945051648, percent=37.7, used=12675297280, free=20945051648)
2025-03-15 18:12:21,858:INFO:Physical Core: 8
2025-03-15 18:12:21,858:INFO:Logical Core: 16
2025-03-15 18:12:21,858:INFO:Checking libraries
2025-03-15 18:12:21,858:INFO:System:
2025-03-15 18:12:21,858:INFO:    python: 3.11.7 (tags/v3.11.7:fa7a6f2, Dec  4 2023, 19:24:49) [MSC v.1937 64 bit (AMD64)]
2025-03-15 18:12:21,858:INFO:executable: C:\Users\HP\AppData\Local\Programs\Python\Python311\python.exe
2025-03-15 18:12:21,858:INFO:   machine: Windows-10-10.0.26100-SP0
2025-03-15 18:12:21,858:INFO:PyCaret required dependencies:
2025-03-15 18:12:21,891:INFO:                 pip: 23.2.1
2025-03-15 18:12:21,891:INFO:          setuptools: 65.5.0
2025-03-15 18:12:21,891:INFO:             pycaret: 3.3.2
2025-03-15 18:12:21,891:INFO:             IPython: 9.0.2
2025-03-15 18:12:21,891:INFO:          ipywidgets: 8.1.5
2025-03-15 18:12:21,891:INFO:                tqdm: 4.67.1
2025-03-15 18:12:21,891:INFO:               numpy: 1.26.4
2025-03-15 18:12:21,891:INFO:              pandas: 2.1.4
2025-03-15 18:12:21,891:INFO:              jinja2: 3.1.6
2025-03-15 18:12:21,891:INFO:               scipy: 1.11.4
2025-03-15 18:12:21,891:INFO:              joblib: 1.3.2
2025-03-15 18:12:21,891:INFO:             sklearn: 1.4.2
2025-03-15 18:12:21,891:INFO:                pyod: 2.0.3
2025-03-15 18:12:21,891:INFO:            imblearn: 0.13.0
2025-03-15 18:12:21,891:INFO:   category_encoders: 2.7.0
2025-03-15 18:12:21,891:INFO:            lightgbm: 4.6.0
2025-03-15 18:12:21,891:INFO:               numba: 0.61.0
2025-03-15 18:12:21,891:INFO:            requests: 2.32.3
2025-03-15 18:12:21,891:INFO:          matplotlib: 3.7.5
2025-03-15 18:12:21,891:INFO:          scikitplot: 0.3.7
2025-03-15 18:12:21,891:INFO:         yellowbrick: 1.5
2025-03-15 18:12:21,891:INFO:              plotly: 5.24.1
2025-03-15 18:12:21,891:INFO:    plotly-resampler: Not installed
2025-03-15 18:12:21,891:INFO:             kaleido: 0.2.1
2025-03-15 18:12:21,891:INFO:           schemdraw: 0.15
2025-03-15 18:12:21,891:INFO:         statsmodels: 0.14.4
2025-03-15 18:12:21,891:INFO:              sktime: 0.26.0
2025-03-15 18:12:21,891:INFO:               tbats: 1.1.3
2025-03-15 18:12:21,891:INFO:            pmdarima: 2.0.4
2025-03-15 18:12:21,891:INFO:              psutil: 7.0.0
2025-03-15 18:12:21,891:INFO:          markupsafe: 3.0.2
2025-03-15 18:12:21,891:INFO:             pickle5: Not installed
2025-03-15 18:12:21,891:INFO:         cloudpickle: 3.1.1
2025-03-15 18:12:21,891:INFO:         deprecation: 2.1.0
2025-03-15 18:12:21,891:INFO:              xxhash: 3.5.0
2025-03-15 18:12:21,891:INFO:           wurlitzer: Not installed
2025-03-15 18:12:21,892:INFO:PyCaret optional dependencies:
2025-03-15 18:12:21,898:INFO:                shap: 0.47.0
2025-03-15 18:12:21,898:INFO:           interpret: Not installed
2025-03-15 18:12:21,898:INFO:                umap: Not installed
2025-03-15 18:12:21,898:INFO:     ydata_profiling: Not installed
2025-03-15 18:12:21,898:INFO:  explainerdashboard: Not installed
2025-03-15 18:12:21,898:INFO:             autoviz: Not installed
2025-03-15 18:12:21,898:INFO:           fairlearn: Not installed
2025-03-15 18:12:21,898:INFO:          deepchecks: Not installed
2025-03-15 18:12:21,898:INFO:             xgboost: Not installed
2025-03-15 18:12:21,898:INFO:            catboost: Not installed
2025-03-15 18:12:21,898:INFO:              kmodes: Not installed
2025-03-15 18:12:21,898:INFO:             mlxtend: Not installed
2025-03-15 18:12:21,898:INFO:       statsforecast: Not installed
2025-03-15 18:12:21,898:INFO:        tune_sklearn: Not installed
2025-03-15 18:12:21,898:INFO:                 ray: Not installed
2025-03-15 18:12:21,898:INFO:            hyperopt: Not installed
2025-03-15 18:12:21,898:INFO:              optuna: Not installed
2025-03-15 18:12:21,898:INFO:               skopt: Not installed
2025-03-15 18:12:21,898:INFO:              mlflow: Not installed
2025-03-15 18:12:21,898:INFO:              gradio: Not installed
2025-03-15 18:12:21,898:INFO:             fastapi: Not installed
2025-03-15 18:12:21,898:INFO:             uvicorn: Not installed
2025-03-15 18:12:21,898:INFO:              m2cgen: Not installed
2025-03-15 18:12:21,898:INFO:           evidently: Not installed
2025-03-15 18:12:21,898:INFO:               fugue: Not installed
2025-03-15 18:12:21,898:INFO:           streamlit: Not installed
2025-03-15 18:12:21,898:INFO:             prophet: Not installed
2025-03-15 18:12:21,898:INFO:None
2025-03-15 18:12:21,898:INFO:Set up data.
2025-03-15 18:12:45,732:WARNING:
'cuml' is a soft dependency and not included in the pycaret installation. Please run: `pip install cuml` to install.
2025-03-15 18:12:45,733:WARNING:
'cuml' is a soft dependency and not included in the pycaret installation. Please run: `pip install cuml` to install.
2025-03-15 18:12:45,733:WARNING:
'cuml' is a soft dependency and not included in the pycaret installation. Please run: `pip install cuml` to install.
2025-03-15 18:12:45,733:WARNING:
'cuml' is a soft dependency and not included in the pycaret installation. Please run: `pip install cuml` to install.
2025-03-15 18:14:19,384:WARNING:
'cuml' is a soft dependency and not included in the pycaret installation. Please run: `pip install cuml` to install.
2025-03-15 18:14:19,384:WARNING:
'cuml' is a soft dependency and not included in the pycaret installation. Please run: `pip install cuml` to install.
2025-03-15 18:14:19,384:WARNING:
'cuml' is a soft dependency and not included in the pycaret installation. Please run: `pip install cuml` to install.
2025-03-15 18:14:19,384:WARNING:
'cuml' is a soft dependency and not included in the pycaret installation. Please run: `pip install cuml` to install.
2025-03-15 18:15:16,414:WARNING:
'cuml' is a soft dependency and not included in the pycaret installation. Please run: `pip install cuml` to install.
2025-03-15 18:15:16,414:WARNING:
'cuml' is a soft dependency and not included in the pycaret installation. Please run: `pip install cuml` to install.
2025-03-15 18:15:16,414:WARNING:
'cuml' is a soft dependency and not included in the pycaret installation. Please run: `pip install cuml` to install.
2025-03-15 18:15:16,414:WARNING:
'cuml' is a soft dependency and not included in the pycaret installation. Please run: `pip install cuml` to install.
2025-03-15 18:15:16,498:INFO:PyCaret RegressionExperiment
2025-03-15 18:15:16,498:INFO:Logging name: reg-default-name
2025-03-15 18:15:16,498:INFO:ML Usecase: MLUsecase.REGRESSION
2025-03-15 18:15:16,498:INFO:version 3.3.2
2025-03-15 18:15:16,498:INFO:Initializing setup()
2025-03-15 18:15:16,498:INFO:self.USI: c7e7
2025-03-15 18:15:16,498:INFO:self._variable_keys: {'idx', 'gpu_param', 'X_test', 'fold_generator', 'X_train', '_ml_usecase', 'exp_id', 'html_param', 'y_train', 'data', 'memory', 'y_test', '_available_plots', 'logging_param', 'fold_groups_param', 'gpu_n_jobs_param', 'pipeline', 'exp_name_log', 'seed', 'target_param', 'log_plots_param', 'fold_shuffle_param', 'transform_target_param', 'y', 'USI', 'X', 'n_jobs_param'}
2025-03-15 18:15:16,498:INFO:Checking environment
2025-03-15 18:15:16,498:INFO:python_version: 3.11.7
2025-03-15 18:15:16,498:INFO:python_build: ('tags/v3.11.7:fa7a6f2', 'Dec  4 2023 19:24:49')
2025-03-15 18:15:16,498:INFO:machine: AMD64
2025-03-15 18:15:16,504:INFO:platform: Windows-10-10.0.26100-SP0
2025-03-15 18:15:16,508:INFO:Memory: svmem(total=33620348928, available=20788772864, percent=38.2, used=12831576064, free=20788772864)
2025-03-15 18:15:16,508:INFO:Physical Core: 8
2025-03-15 18:15:16,508:INFO:Logical Core: 16
2025-03-15 18:15:16,508:INFO:Checking libraries
2025-03-15 18:15:16,508:INFO:System:
2025-03-15 18:15:16,508:INFO:    python: 3.11.7 (tags/v3.11.7:fa7a6f2, Dec  4 2023, 19:24:49) [MSC v.1937 64 bit (AMD64)]
2025-03-15 18:15:16,509:INFO:executable: C:\Users\HP\AppData\Local\Programs\Python\Python311\python.exe
2025-03-15 18:15:16,509:INFO:   machine: Windows-10-10.0.26100-SP0
2025-03-15 18:15:16,509:INFO:PyCaret required dependencies:
2025-03-15 18:15:16,523:INFO:                 pip: 23.2.1
2025-03-15 18:15:16,523:INFO:          setuptools: 65.5.0
2025-03-15 18:15:16,523:INFO:             pycaret: 3.3.2
2025-03-15 18:15:16,523:INFO:             IPython: 9.0.2
2025-03-15 18:15:16,523:INFO:          ipywidgets: 8.1.5
2025-03-15 18:15:16,523:INFO:                tqdm: 4.67.1
2025-03-15 18:15:16,523:INFO:               numpy: 1.26.4
2025-03-15 18:15:16,523:INFO:              pandas: 2.1.4
2025-03-15 18:15:16,523:INFO:              jinja2: 3.1.6
2025-03-15 18:15:16,523:INFO:               scipy: 1.11.4
2025-03-15 18:15:16,523:INFO:              joblib: 1.3.2
2025-03-15 18:15:16,524:INFO:             sklearn: 1.4.2
2025-03-15 18:15:16,524:INFO:                pyod: 2.0.3
2025-03-15 18:15:16,524:INFO:            imblearn: 0.13.0
2025-03-15 18:15:16,524:INFO:   category_encoders: 2.7.0
2025-03-15 18:15:16,524:INFO:            lightgbm: 4.6.0
2025-03-15 18:15:16,524:INFO:               numba: 0.61.0
2025-03-15 18:15:16,524:INFO:            requests: 2.32.3
2025-03-15 18:15:16,524:INFO:          matplotlib: 3.7.5
2025-03-15 18:15:16,524:INFO:          scikitplot: 0.3.7
2025-03-15 18:15:16,524:INFO:         yellowbrick: 1.5
2025-03-15 18:15:16,524:INFO:              plotly: 5.24.1
2025-03-15 18:15:16,524:INFO:    plotly-resampler: Not installed
2025-03-15 18:15:16,524:INFO:             kaleido: 0.2.1
2025-03-15 18:15:16,524:INFO:           schemdraw: 0.15
2025-03-15 18:15:16,524:INFO:         statsmodels: 0.14.4
2025-03-15 18:15:16,524:INFO:              sktime: 0.26.0
2025-03-15 18:15:16,524:INFO:               tbats: 1.1.3
2025-03-15 18:15:16,524:INFO:            pmdarima: 2.0.4
2025-03-15 18:15:16,524:INFO:              psutil: 7.0.0
2025-03-15 18:15:16,524:INFO:          markupsafe: 3.0.2
2025-03-15 18:15:16,524:INFO:             pickle5: Not installed
2025-03-15 18:15:16,524:INFO:         cloudpickle: 3.1.1
2025-03-15 18:15:16,524:INFO:         deprecation: 2.1.0
2025-03-15 18:15:16,524:INFO:              xxhash: 3.5.0
2025-03-15 18:15:16,524:INFO:           wurlitzer: Not installed
2025-03-15 18:15:16,524:INFO:PyCaret optional dependencies:
2025-03-15 18:15:16,530:INFO:                shap: 0.47.0
2025-03-15 18:15:16,530:INFO:           interpret: Not installed
2025-03-15 18:15:16,530:INFO:                umap: Not installed
2025-03-15 18:15:16,530:INFO:     ydata_profiling: Not installed
2025-03-15 18:15:16,530:INFO:  explainerdashboard: Not installed
2025-03-15 18:15:16,530:INFO:             autoviz: Not installed
2025-03-15 18:15:16,530:INFO:           fairlearn: Not installed
2025-03-15 18:15:16,530:INFO:          deepchecks: Not installed
2025-03-15 18:15:16,530:INFO:             xgboost: Not installed
2025-03-15 18:15:16,530:INFO:            catboost: Not installed
2025-03-15 18:15:16,530:INFO:              kmodes: Not installed
2025-03-15 18:15:16,530:INFO:             mlxtend: Not installed
2025-03-15 18:15:16,530:INFO:       statsforecast: Not installed
2025-03-15 18:15:16,530:INFO:        tune_sklearn: Not installed
2025-03-15 18:15:16,530:INFO:                 ray: Not installed
2025-03-15 18:15:16,530:INFO:            hyperopt: Not installed
2025-03-15 18:15:16,530:INFO:              optuna: Not installed
2025-03-15 18:15:16,530:INFO:               skopt: Not installed
2025-03-15 18:15:16,530:INFO:              mlflow: Not installed
2025-03-15 18:15:16,530:INFO:              gradio: Not installed
2025-03-15 18:15:16,530:INFO:             fastapi: Not installed
2025-03-15 18:15:16,530:INFO:             uvicorn: Not installed
2025-03-15 18:15:16,530:INFO:              m2cgen: Not installed
2025-03-15 18:15:16,530:INFO:           evidently: Not installed
2025-03-15 18:15:16,530:INFO:               fugue: Not installed
2025-03-15 18:15:16,530:INFO:           streamlit: Not installed
2025-03-15 18:15:16,530:INFO:             prophet: Not installed
2025-03-15 18:15:16,530:INFO:None
2025-03-15 18:15:16,530:INFO:Set up data.
